0 verbose cli /Users/daniilvolkova/.nvm/versions/node/v24.10.0/bin/node /Users/daniilvolkova/.nvm/versions/node/v24.10.0/bin/npm
1 info using npm@11.6.1
2 info using node@v24.10.0
3 silly config load:file:/Users/daniilvolkova/.nvm/versions/node/v24.10.0/lib/node_modules/npm/npmrc
4 silly config load:file:/Users/daniilvolkova/Desktop/hardhat3 copy/.npmrc
5 silly config load:file:/Users/daniilvolkova/.npmrc
6 silly config load:file:/Users/daniilvolkova/.nvm/versions/node/v24.10.0/etc/npmrc
7 verbose title npm pack
8 verbose argv "pack" "--dry-run" "--cache" "./.npm-cache"
9 verbose logfile logs-max:10 dir:/Users/daniilvolkova/Desktop/hardhat3 copy/.npm-cache/_logs/2026-04-01T15_30_38_280Z-
10 verbose logfile /Users/daniilvolkova/Desktop/hardhat3 copy/.npm-cache/_logs/2026-04-01T15_30_38_280Z-debug-0.log
11 silly logfile done cleaning log files
12 silly packumentCache heap:4496293888 maxSize:1124073472 maxEntrySize:562036736
13 notice
14 notice 📦  @scsl/contracts@1.0.0
15 notice Tarball Contents
16 notice 4.6kB README.md
16 notice 17.0kB examples/contracts/access-control/ACCESS_CONTROL.md
16 notice 2.1kB examples/contracts/access-control/Attack.sol
16 notice 2.9kB examples/contracts/access-control/Fixed.sol
16 notice 2.2kB examples/contracts/access-control/Vulnerable.sol
16 notice 2.9kB examples/contracts/delegatecall/Attack.sol
16 notice 16.3kB examples/contracts/delegatecall/DELEGATECALL.md
16 notice 3.5kB examples/contracts/delegatecall/Fixed.sol
16 notice 2.8kB examples/contracts/delegatecall/Vulnerable.sol
16 notice 2.3kB examples/contracts/dos/Attack.sol
16 notice 15.9kB examples/contracts/dos/DOS.md
16 notice 3.4kB examples/contracts/dos/Fixed.sol
16 notice 2.8kB examples/contracts/dos/Vulnerable.sol
16 notice 3.8kB examples/contracts/flash-loans/Attack.sol
16 notice 3.9kB examples/contracts/flash-loans/Fixed.sol
16 notice 16.5kB examples/contracts/flash-loans/FLASH_LOANS.md
16 notice 8.7kB examples/contracts/flash-loans/Vulnerable.sol
16 notice 3.2kB examples/contracts/front-running-mev/Attack.sol
16 notice 4.5kB examples/contracts/front-running-mev/Fixed.sol
16 notice 13.6kB examples/contracts/front-running-mev/FRONT_RUNNING_MEV.md
16 notice 5.0kB examples/contracts/front-running-mev/Vulnerable.sol
16 notice 2.3kB examples/contracts/integer-overflow-underflow/Attack.sol
16 notice 2.2kB examples/contracts/integer-overflow-underflow/Fixed.sol
16 notice 16.3kB examples/contracts/integer-overflow-underflow/INTEGER_OVERFLOW_UNDERFLOW.md
16 notice 2.7kB examples/contracts/integer-overflow-underflow/Vulnerable.sol
16 notice 3.6kB examples/contracts/reentrancy/Attack.sol
16 notice 2.6kB examples/contracts/reentrancy/Fixed.sol
16 notice 17.5kB examples/contracts/reentrancy/REENTRANCY.md
16 notice 3.1kB examples/contracts/reentrancy/Vulnerable.sol
16 notice 2.4kB examples/contracts/signature-replay/Attack.sol
16 notice 3.3kB examples/contracts/signature-replay/Fixed.sol
16 notice 13.5kB examples/contracts/signature-replay/SIGNATURE_REPLAY.md
16 notice 3.0kB examples/contracts/signature-replay/Vulnerable.sol
16 notice 2.2kB examples/contracts/storage-collisions/Attack.sol
16 notice 4.6kB examples/contracts/storage-collisions/Fixed.sol
16 notice 15.2kB examples/contracts/storage-collisions/STORAGE_COLLISIONS.md
16 notice 4.7kB examples/contracts/storage-collisions/Vulnerable.sol
16 notice 2.3kB examples/contracts/timestamp-manipulation/Attack.sol
16 notice 2.2kB examples/contracts/timestamp-manipulation/Fixed.sol
16 notice 15.7kB examples/contracts/timestamp-manipulation/TIMESTAMP_MANIPULATION.md
16 notice 2.7kB examples/contracts/timestamp-manipulation/Vulnerable.sol
16 notice 446B examples/README.md
16 notice 119B library/access/INDEX.sol
16 notice 2.3kB library/access/TwoStepOwnable.sol
16 notice 2.1kB library/accounting/BalanceAccounting.sol
16 notice 125B library/accounting/INDEX.sol
16 notice 131B library/auth/INDEX.sol
16 notice 1.2kB library/auth/NoncedAuthorizations.sol
16 notice 121B library/guards/INDEX.sol
16 notice 1.1kB library/guards/ReentrancyGuard.sol
16 notice 885B library/INDEX.sol
16 notice 143B library/oracle/INDEX.sol
16 notice 1.6kB library/oracle/TrustedPriceOracleConsumer.sol
16 notice 178B library/payments/INDEX.sol
16 notice 827B library/payments/NativeTransfer.sol
16 notice 1.8kB library/payments/PullPaymentEscrow.sol
16 notice 133B library/proxy/INDEX.sol
16 notice 1.7kB library/proxy/TrustedPluginRegistry.sol
16 notice 3.1kB library/README.md
16 notice 129B library/signatures/INDEX.sol
16 notice 1.6kB library/signatures/SignatureAuthorizer.sol
16 notice 1.4kB library/storage/EIP1967SlotAccess.sol
16 notice 125B library/storage/INDEX.sol
16 notice 790B library/time/BlockCooldown.sol
16 notice 117B library/time/INDEX.sol
16 notice 1.0kB library/trading/ExecutionConstraints.sol
16 notice 131B library/trading/INDEX.sol
16 notice 2.0kB package.json
16 notice 207B public/README.md
16 notice 2.3MB public/SCSL_banner.png
16 notice 2.8MB public/SCSL_logo.png
17 notice Tarball Details
18 notice name: @scsl/contracts
19 notice version: 1.0.0
20 notice filename: scsl-contracts-1.0.0.tgz
21 notice package size: 5.2 MB
22 notice unpacked size: 5.4 MB
23 notice shasum: 22a33a0cf5d55700e16d3c0cb1e9cf1a3fd43210
24 notice integrity: sha512-xKeeDQIorzblo[...]Pkzbwro86q4ww==
25 notice total files: 71
26 notice
27 verbose cwd /Users/daniilvolkova/Desktop/hardhat3 copy
28 verbose os Darwin 25.3.0
29 verbose node v24.10.0
30 verbose npm  v11.6.1
31 verbose exit 0
32 info ok
